d:\data\code\gaming-studio-practices\threadsmulti\bin\win32\debug\intermediates\threadsmulti.pch
d:\data\code\gaming-studio-practices\threadsmulti\bin\win32\debug\intermediates\vc143.pdb
d:\data\code\gaming-studio-practices\threadsmulti\bin\win32\debug\intermediates\vc143.idb
d:\data\code\gaming-studio-practices\threadsmulti\bin\win32\debug\intermediates\pch.obj
d:\data\code\gaming-studio-practices\threadsmulti\bin\win32\debug\intermediates\pch.asm
d:\data\code\gaming-studio-practices\threadsmulti\bin\win32\debug\intermediates\testasm.obj
d:\data\code\gaming-studio-practices\threadsmulti\bin\win32\debug\intermediates\testasm.asm
d:\data\code\gaming-studio-practices\threadsmulti\bin\win32\debug\intermediates\inheritance.obj
d:\data\code\gaming-studio-practices\threadsmulti\bin\win32\debug\intermediates\inheritance.asm
d:\data\code\gaming-studio-practices\threadsmulti\bin\win32\debug\intermediates\invfastsqrt.obj
d:\data\code\gaming-studio-practices\threadsmulti\bin\win32\debug\intermediates\invfastsqrt.asm
d:\data\code\gaming-studio-practices\threadsmulti\bin\win32\debug\intermediates\main.obj
d:\data\code\gaming-studio-practices\threadsmulti\bin\win32\debug\intermediates\main.asm
d:\data\code\gaming-studio-practices\threadsmulti\bin\win32\debug\intermediates\threadsmulti.ilk
d:\data\code\gaming-studio-practices\threadsmulti\bin\win32\debug\threadsmulti.exe
d:\data\code\gaming-studio-practices\threadsmulti\bin\win32\debug\threadsmulti.pdb
d:\data\code\gaming-studio-practices\threadsmulti\bin\win32\debug\intermediates\threadsmulti.vcxproj.filelistabsolute.txt
d:\data\code\gaming-studio-practices\threadsmulti\bin\win32\debug\intermediates\threadsmulti.tlog\cl.command.1.tlog
d:\data\code\gaming-studio-practices\threadsmulti\bin\win32\debug\intermediates\threadsmulti.tlog\cl.read.1.tlog
d:\data\code\gaming-studio-practices\threadsmulti\bin\win32\debug\intermediates\threadsmulti.tlog\cl.write.1.tlog
d:\data\code\gaming-studio-practices\threadsmulti\bin\win32\debug\intermediates\threadsmulti.tlog\link.command.1.tlog
d:\data\code\gaming-studio-practices\threadsmulti\bin\win32\debug\intermediates\threadsmulti.tlog\link.read.1.tlog
d:\data\code\gaming-studio-practices\threadsmulti\bin\win32\debug\intermediates\threadsmulti.tlog\link.write.1.tlog
